<?xml version="1.0" encoding="UTF-8"?>
<!-- Generated by org.testng.reporters.JUnitXMLReporter -->
<testsuite ignored="1" hostname="Avi" failures="0" tests="3" name="Default test" time="0.046" errors="0" timestamp="2023-09-07T19:30:00 BDT">
  <testcase classname="test.day3" name="MobilesignoutcarLoan" time="0.008"/>
  <testcase classname="test.day3" name="WebloginCarLoan" time="0.001"/>
  <testcase classname="test.day3" name="LoginAPIcarLoan" time="0.001"/>
  <testcase classname="test.day3" name="MobilelogincarLoan" time="0.0">
    <ignored/>
  </testcase> <!-- MobilelogincarLoan -->
</testsuite> <!-- Default test -->
