<?xml version="1.0" encoding="UTF-8"?>
<!-- Generated by org.testng.reporters.JUnitXMLReporter -->
<testsuite ignored="0" hostname="Avi" failures="1" tests="1" name="Test" time="0.027" errors="0" timestamp="2023-09-20T22:55:57 BDT">
  <testcase classname="base.baseTest" name="addItems" time="0.0">
    <failure type="org.testng.TestNGException" message="
Cannot inject @Test annotated Method [addItems] with [interface org.openqa.selenium.WebDriver, class [Ljava.lang.String;].
For more information on native dependency injection please refer to https://testng.org/doc/documentation-main.html#native-dependency-injection">
      <![CDATA[org.testng.TestNGException: 
Cannot inject @Test annotated Method [addItems] with [interface org.openqa.selenium.WebDriver, class [Ljava.lang.String;].
For more information on native dependency injection please refer to https://testng.org/doc/documentation-main.html#native-dependency-injection
at java.base/java.util.ArrayList.forEach(ArrayList.java:1511)
... Removed 26 stack frames]]>
    </failure>
  </testcase> <!-- addItems -->
</testsuite> <!-- Test -->
