<?xml version="1.0" encoding="UTF-8"?>
<!-- Generated by org.testng.reporters.JUnitXMLReporter -->
<testsuite ignored="1" hostname="Avi" failures="0" tests="5" name="Car Loan" time="0.075" errors="0" timestamp="2023-09-09T22:17:40 BDT">
  <testcase classname="test.day3" name="MobilesignoutcarLoan" time="0.005"/>
  <testcase classname="test.day3" name="MobilesignoutcarLoan" time="0.002"/>
  <testcase classname="test.day3" name="MobilesignoutcarLoan" time="0.002"/>
  <testcase classname="test.day3" name="WebloginCarLoan" time="0.003"/>
  <testcase classname="test.day3" name="LoginAPIcarLoan" time="0.001"/>
  <testcase classname="test.day3" name="MobilelogincarLoan" time="0.0">
    <ignored/>
  </testcase> <!-- MobilelogincarLoan -->
</testsuite> <!-- Car Loan -->
