<?xml version="1.0" encoding="UTF-8"?>
<!-- Generated by org.testng.reporters.JUnitXMLReporter -->
<testsuite ignored="3" hostname="Avi" failures="0" tests="7" name="Regrassion" time="0.052" errors="0" timestamp="2023-09-07T19:16:21 BDT">
  <testcase classname="test.day1" name="Demo" time="0.004"/>
  <testcase classname="test.day1" name="SecondCase" time="0.0"/>
  <testcase classname="test.day3" name="LoginAPIcarLoan" time="0.001"/>
  <testcase classname="test.day3" name="MobilesignoutcarLoan" time="0.001"/>
  <testcase classname="test.day3" name="WebloginCarLoan" time="0.0"/>
  <testcase classname="test.day4" name="LoginAPIHomeLoan" time="0.0"/>
  <testcase classname="test.day4" name="WebloginHomeLoan" time="0.0"/>
  <testcase classname="test.day3" name="MobilelogincarLoan" time="0.0">
    <ignored/>
  </testcase> <!-- MobilelogincarLoan -->
  <testcase classname="test.day4" name="MobileloginHomeLoan" time="0.0">
    <ignored/>
  </testcase> <!-- MobileloginHomeLoan -->
  <testcase classname="test.day2" name="ploan" time="0.0">
    <ignored/>
  </testcase> <!-- ploan -->
</testsuite> <!-- Regrassion -->
